#
# There is insufficient memory for the Java Runtime Environment to continue.
# Native memory allocation (malloc) failed to allocate 899216 bytes for Chunk::new
# Possible reasons:
#   The system is out of physical RAM or swap space
#   In 32 bit mode, the process size limit was hit
# Possible solutions:
#   Reduce memory load on the system
#   Increase physical memory or swap space
#   Check if swap backing store is full
#   Use 64 bit Java on a 64 bit OS
#   Decrease Java heap size (-Xmx/-Xms)
#   Decrease number of Java threads
#   Decrease Java thread stack sizes (-Xss)
#   Set larger code cache with -XX:ReservedCodeCacheSize=
# This output file may be truncated or incomplete.
#
#  Out of Memory Error (allocation.cpp:390), pid=21380, tid=0x00000000000032c8
#
# JRE version: Java(TM) SE Runtime Environment (8.0_191-b12) (build 1.8.0_191-b12)
# Java VM: Java HotSpot(TM) 64-Bit Server VM (25.191-b12 mixed mode windows-amd64 compressed oops)
# Failed to write core dump. Minidumps are not enabled by default on client versions of Windows
#

---------------  T H R E A D  ---------------

Current thread (0x000000001638b800):  JavaThread "C2 CompilerThread1" daemon [_thread_in_native, id=13000, stack(0x0000000017ea0000,0x0000000017fa0000)]

Stack: [0x0000000017ea0000,0x0000000017fa0000]
[error occurred during error reporting (printing stack bounds), id 0xc0000005]

Native frames: (J=compiled Java code, j=interpreted, Vv=VM code, C=native code)


Current CompileTask:
C2:  30852 10089       4       com.android.tools.r8.graph.r0::c (515 bytes)


---------------  P R O C E S S  ---------------

Java Threads: ( => current thread )
  0x000000001cf91000 JavaThread "ForkJoinPool.commonPool-worker-3" daemon [_thread_blocked, id=18308, stack(0x0000000024b50000,0x0000000024c50000)]
  0x000000001c701000 JavaThread "ForkJoinPool.commonPool-worker-2" daemon [_thread_blocked, id=30700, stack(0x0000000024a50000,0x0000000024b50000)]
  0x000000001c6ff800 JavaThread "ForkJoinPool.commonPool-worker-1" daemon [_thread_blocked, id=26260, stack(0x0000000024950000,0x0000000024a50000)]
  0x000000001c700800 JavaThread "WorkerExecutor Queue Thread 4" [_thread_blocked, id=23860, stack(0x0000000024250000,0x0000000024350000)]
  0x000000001c6ff000 JavaThread "WorkerExecutor Queue Thread 3" [_thread_in_native, id=9100, stack(0x0000000023f50000,0x0000000024050000)]
  0x000000001c703800 JavaThread "WorkerExecutor Queue Thread 2" [_thread_blocked, id=7316, stack(0x0000000023e50000,0x0000000023f50000)]
  0x000000001c702800 JavaThread "Cache worker for Java compile cache (D:\project\other\H5TEST\.gradle\5.6.4\javaCompile)" [_thread_blocked, id=25848, stack(0x0000000023950000,0x0000000023a50000)]
  0x000000001c702000 JavaThread "Cache worker for Java compile cache (D:\develop\Gradle\caches\5.6.4\javaCompile)" [_thread_blocked, id=18352, stack(0x0000000023850000,0x0000000023950000)]
  0x000000001c6fe000 JavaThread "WorkerExecutor Queue" [_thread_blocked, id=19148, stack(0x0000000023750000,0x0000000023850000)]
  0x000000001c6f6800 JavaThread "Cache worker for execution history cache (D:\project\other\H5TEST\.gradle\5.6.4\executionHistory)" [_thread_blocked, id=30200, stack(0x00000000231f0000,0x00000000232f0000)]
  0x000000001c6f6000 JavaThread "Execution worker for ':' Thread 3" [_thread_blocked, id=17668, stack(0x00000000230f0000,0x00000000231f0000)]
  0x000000001c6fc800 JavaThread "Execution worker for ':' Thread 2" [_thread_blocked, id=18848, stack(0x0000000022ff0000,0x00000000230f0000)]
  0x000000001c6fc000 JavaThread "Execution worker for ':'" [_thread_in_Java, id=21716, stack(0x0000000022ef0000,0x0000000022ff0000)]
  0x000000001c6f7800 JavaThread "Cache worker for file content cache (D:\project\other\H5TEST\.gradle\5.6.4\fileContent)" [_thread_blocked, id=20828, stack(0x00000000229f0000,0x0000000022af0000)]
  0x000000001c6f9800 JavaThread "Cache worker for file content cache (D:\develop\Gradle\caches\5.6.4\fileContent)" [_thread_blocked, id=26228, stack(0x00000000228f0000,0x00000000229f0000)]
  0x000000001c6f8000 JavaThread "Memory manager" [_thread_blocked, id=17860, stack(0x0000000021fc0000,0x00000000220c0000)]
  0x000000001c6fb000 JavaThread "Cache worker for Build Output Cleanup Cache (D:\project\other\H5TEST\.gradle\buildOutputCleanup)" [_thread_blocked, id=30768, stack(0x00000000204f0000,0x00000000205f0000)]
  0x000000001c6f4800 JavaThread "Build operations Thread 4" [_thread_blocked, id=2108, stack(0x00000000203f0000,0x00000000204f0000)]
  0x000000001c6f5000 JavaThread "Build operations Thread 3" [_thread_blocked, id=26892, stack(0x00000000202f0000,0x00000000203f0000)]
  0x000000001c6f9000 JavaThread "Build operations Thread 2" [_thread_blocked, id=26160, stack(0x00000000201f0000,0x00000000202f0000)]
  0x00000000189f5800 JavaThread "Build operations" [_thread_blocked, id=16972, stack(0x00000000200f0000,0x00000000201f0000)]
  0x00000000189fc800 JavaThread "Cache worker for execution history cache (D:\develop\Gradle\caches\5.6.4\executionHistory)" [_thread_blocked, id=29448, stack(0x000000001fdf0000,0x000000001fef0000)]
  0x00000000189fa000 JavaThread "Cache worker for cache directory md-rule (D:\develop\Gradle\caches\5.6.4\md-rule)" [_thread_blocked, id=17388, stack(0x000000001fcf0000,0x000000001fdf0000)]
  0x00000000189f7000 JavaThread "Cache worker for cache directory md-supplier (D:\develop\Gradle\caches\5.6.4\md-supplier)" [_thread_blocked, id=5892, stack(0x000000001f7d0000,0x000000001f8d0000)]
  0x00000000189f6800 JavaThread "Cache worker for file hash cache (D:\project\other\H5TEST\.gradle\5.6.4\fileHashes)" [_thread_blocked, id=21908, stack(0x000000001f230000,0x000000001f330000)]
  0x00000000189f9800 JavaThread "Cache worker for journal cache (D:\develop\Gradle\caches\journal-1)" [_thread_blocked, id=22416, stack(0x000000001bc40000,0x000000001bd40000)]
  0x00000000189fb000 JavaThread "File lock request listener" [_thread_in_native, id=20928, stack(0x000000001bb40000,0x000000001bc40000)]
  0x00000000189f8000 JavaThread "Cache worker for file hash cache (D:\develop\Gradle\caches\5.6.4\fileHashes)" [_thread_blocked, id=26948, stack(0x000000001ba40000,0x000000001bb40000)]
  0x0000000018799000 JavaThread "Thread-9" [_thread_blocked, id=31676, stack(0x000000001b740000,0x000000001b840000)]
  0x000000001893e000 JavaThread "Stdin handler" [_thread_blocked, id=28620, stack(0x000000001b640000,0x000000001b740000)]
  0x0000000019476800 JavaThread "Asynchronous log dispatcher for DefaultDaemonConnection: socket connection from /127.0.0.1:59228 to /127.0.0.1:59229" [_thread_blocked, id=23952, stack(0x000000001b540000,0x000000001b640000)]
  0x0000000017a57800 JavaThread "Daemon worker" [_thread_blocked, id=20760, stack(0x000000001b440000,0x000000001b540000)]
  0x00000000188bb000 JavaThread "Cancel handler" [_thread_blocked, id=17268, stack(0x000000001b340000,0x000000001b440000)]
  0x0000000018e79800 JavaThread "Handler for socket connection from /127.0.0.1:59228 to /127.0.0.1:59229" [_thread_in_native, id=19384, stack(0x000000001b040000,0x000000001b140000)]
  0x0000000017b1d000 JavaThread "Daemon" [_thread_blocked, id=8296, stack(0x000000001af40000,0x000000001b040000)]
  0x000000001886f000 JavaThread "Daemon periodic checks" [_thread_blocked, id=13608, stack(0x000000001ae40000,0x000000001af40000)]
  0x0000000019c70000 JavaThread "Incoming local TCP Connector on port 59228" [_thread_in_native, id=25976, stack(0x000000001ad40000,0x000000001ae40000)]
  0x00000000178c5800 JavaThread "Daemon health stats" [_thread_blocked, id=13500, stack(0x000000001aa40000,0x000000001ab40000)]
  0x0000000017826800 JavaThread "Service Thread" daemon [_thread_blocked, id=19512, stack(0x00000000180a0000,0x00000000181a0000)]
  0x00000000177b2800 JavaThread "C1 CompilerThread2" daemon [_thread_in_native, id=30296, stack(0x0000000017fa0000,0x00000000180a0000)]
=>0x000000001638b800 JavaThread "C2 CompilerThread1" daemon [_thread_in_native, id=13000, stack(0x0000000017ea0000,0x0000000017fa0000)]
  0x0000000016384800 JavaThread "C2 CompilerThread0" daemon [_thread_blocked, id=22196, stack(0x0000000017da0000,0x0000000017ea0000)]
  0x000000001633e000 JavaThread "Attach Listener" daemon [_thread_blocked, id=16236, stack(0x0000000017ca0000,0x0000000017da0000)]
  0x00000000177b0800 JavaThread "Signal Dispatcher" daemon [_thread_blocked, id=26576, stack(0x0000000017ba0000,0x0000000017ca0000)]
  0x00000000029b5000 JavaThread "Finalizer" daemon [_thread_blocked, id=24880, stack(0x00000000175a0000,0x00000000176a0000)]
  0x00000000029b2000 JavaThread "Reference Handler" daemon [_thread_blocked, id=25464, stack(0x00000000174a0000,0x00000000175a0000)]
  0x00000000028c2800 JavaThread "main" [_thread_blocked, id=24884, stack(0x00000000026c0000,0x00000000027c0000)]

Other Threads:
  0x00000000162f7800 VMThread [stack: 0x00000000173a0000,0x00000000174a0000] [id=8336]
  0x0000000017827800 WatcherThread [stack: 0x00000000181a0000,0x00000000182a0000] [id=20992]

VM state:not at safepoint (normal execution)

VM Mutex/Monitor currently owned by a thread: None

Heap:
 PSYoungGen      total 176640K, used 51660K [0x00000000e0000000, 0x00000000eea00000, 0x0000000100000000)
  eden space 159744K, 21% used [0x00000000e0000000,0x00000000e21f6830,0x00000000e9c00000)
  from space 16896K, 99% used [0x00000000ed980000,0x00000000ee9fc840,0x00000000eea00000)
  to   space 15872K, 0% used [0x00000000e9c00000,0x00000000e9c00000,0x00000000eab80000)
 ParOldGen       total 104448K, used 45921K [0x00000000a0000000, 0x00000000a6600000, 0x00000000e0000000)
  object space 104448K, 43% used [0x00000000a0000000,0x00000000a2cd85f8,0x00000000a6600000)
 Metaspace       used 74943K, capacity 78144K, committed 78336K, reserved 1116160K
  class space    used 10472K, capacity 11157K, committed 11264K, reserved 1048576K

Card table byte_map: [0x0000000011d80000,0x0000000012090000] byte_map_base: 0x0000000011880000

Marking Bits: (ParMarkBitMap*) 0x0000000076ec3e30
 Begin Bits: [0x0000000012690000, 0x0000000013e90000)
 End Bits:   [0x0000000013e90000, 0x0000000015690000)

Polling page: 0x0000000000700000

CodeCache: size=245760Kb used=28042Kb max_used=28090Kb free=217717Kb
 bounds [0x00000000029c0000, 0x00000000045b0000, 0x00000000119c0000]
 total_blobs=9663 nmethods=8827 adapters=747
 compilation: enabled

Compilation events (10 events):
Event: 30.845 Thread 0x00000000177b2800 10136       3       com.android.tools.r8.graph.y0::a (42 bytes)
Event: 30.845 Thread 0x0000000016384800 10137       4       com.android.tools.r8.graph.d0::computeEquals (45 bytes)
Event: 30.846 Thread 0x00000000177b2800 nmethod 10136 0x0000000003fd0250 code [0x0000000003fd03e0, 0x0000000003fd0718]
Event: 30.846 Thread 0x00000000177b2800 10138       3       com.android.tools.r8.graph.k$a::a (51 bytes)
Event: 30.846 Thread 0x00000000177b2800 nmethod 10138 0x0000000002d3d550 code [0x0000000002d3d6a0, 0x0000000002d3d830]
Event: 30.847 Thread 0x00000000177b2800 10139       3       com.android.tools.r8.r.n.P::a (161 bytes)
Event: 30.847 Thread 0x00000000177b2800 nmethod 10139 0x0000000002f42790 code [0x0000000002f42a20, 0x0000000002f43a88]
Event: 30.848 Thread 0x00000000177b2800 10140       3       com.android.tools.r8.graph.S::E (33 bytes)
Event: 30.848 Thread 0x00000000177b2800 nmethod 10140 0x000000000404f290 code [0x000000000404f420, 0x000000000404f9d0]
Event: 30.849 Thread 0x00000000177b2800 10141       3       com.android.tools.r8.B.a.a.f::a (131 bytes)

GC Heap History (10 events):
Event: 18.809 GC heap before
{Heap before GC invocations=15 (full 2):
 PSYoungGen      total 130048K, used 130022K [0x00000000e0000000, 0x00000000e9680000, 0x0000000100000000)
  eden space 119296K, 100% used [0x00000000e0000000,0x00000000e7480000,0x00000000e7480000)
  from space 10752K, 99% used [0x00000000e8c00000,0x00000000e9679bd0,0x00000000e9680000)
  to   space 12800K, 0% used [0x00000000e7d80000,0x00000000e7d80000,0x00000000e8a00000)
 ParOldGen       total 68608K, used 17128K [0x00000000a0000000, 0x00000000a4300000, 0x00000000e0000000)
  object space 68608K, 24% used [0x00000000a0000000,0x00000000a10ba128,0x00000000a4300000)
 Metaspace       used 52756K, capacity 54480K, committed 54784K, reserved 1095680K
  class space    used 7394K, capacity 7837K, committed 7936K, reserved 1048576K
Event: 18.850 GC heap after
Heap after GC invocations=15 (full 2):
 PSYoungGen      total 141312K, used 12771K [0x00000000e0000000, 0x00000000ebc00000, 0x0000000100000000)
  eden space 128512K, 0% used [0x00000000e0000000,0x00000000e0000000,0x00000000e7d80000)
  from space 12800K, 99% used [0x00000000e7d80000,0x00000000e89f8f48,0x00000000e8a00000)
  to   space 16896K, 0% used [0x00000000eab80000,0x00000000eab80000,0x00000000ebc00000)
 ParOldGen       total 68608K, used 24154K [0x00000000a0000000, 0x00000000a4300000, 0x00000000e0000000)
  object space 68608K, 35% used [0x00000000a0000000,0x00000000a1796a80,0x00000000a4300000)
 Metaspace       used 52756K, capacity 54480K, committed 54784K, reserved 1095680K
  class space    used 7394K, capacity 7837K, committed 7936K, reserved 1048576K
}
Event: 20.741 GC heap before
{Heap before GC invocations=16 (full 2):
 PSYoungGen      total 141312K, used 79192K [0x00000000e0000000, 0x00000000ebc00000, 0x0000000100000000)
  eden space 128512K, 51% used [0x00000000e0000000,0x00000000e40dd2a8,0x00000000e7d80000)
  from space 12800K, 99% used [0x00000000e7d80000,0x00000000e89f8f48,0x00000000e8a00000)
  to   space 16896K, 0% used [0x00000000eab80000,0x00000000eab80000,0x00000000ebc00000)
 ParOldGen       total 68608K, used 24154K [0x00000000a0000000, 0x00000000a4300000, 0x00000000e0000000)
  object space 68608K, 35% used [0x00000000a0000000,0x00000000a1796a80,0x00000000a4300000)
 Metaspace       used 57058K, capacity 58898K, committed 59008K, reserved 1099776K
  class space    used 8044K, capacity 8520K, committed 8576K, reserved 1048576K
Event: 20.872 GC heap after
Heap after GC invocations=16 (full 2):
 PSYoungGen      total 176640K, used 8147K [0x00000000e0000000, 0x00000000ecc00000, 0x0000000100000000)
  eden space 159744K, 0% used [0x00000000e0000000,0x00000000e0000000,0x00000000e9c00000)
  from space 16896K, 48% used [0x00000000eab80000,0x00000000eb374dd8,0x00000000ebc00000)
  to   space 15872K, 0% used [0x00000000e9c00000,0x00000000e9c00000,0x00000000eab80000)
 ParOldGen       total 68608K, used 30950K [0x00000000a0000000, 0x00000000a4300000, 0x00000000e0000000)
  object space 68608K, 45% used [0x00000000a0000000,0x00000000a1e39860,0x00000000a4300000)
 Metaspace       used 57058K, capacity 58898K, committed 59008K, reserved 1099776K
  class space    used 8044K, capacity 8520K, committed 8576K, reserved 1048576K
}
Event: 20.872 GC heap before
{Heap before GC invocations=17 (full 3):
 PSYoungGen      total 176640K, used 8147K [0x00000000e0000000, 0x00000000ecc00000, 0x0000000100000000)
  eden space 159744K, 0% used [0x00000000e0000000,0x00000000e0000000,0x00000000e9c00000)
  from space 16896K, 48% used [0x00000000eab80000,0x00000000eb374dd8,0x00000000ebc00000)
  to   space 15872K, 0% used [0x00000000e9c00000,0x00000000e9c00000,0x00000000eab80000)
 ParOldGen       total 68608K, used 30950K [0x00000000a0000000, 0x00000000a4300000, 0x00000000e0000000)
  object space 68608K, 45% used [0x00000000a0000000,0x00000000a1e39860,0x00000000a4300000)
 Metaspace       used 57058K, capacity 58898K, committed 59008K, reserved 1099776K
  class space    used 8044K, capacity 8520K, committed 8576K, reserved 1048576K
Event: 21.294 GC heap after
Heap after GC invocations=17 (full 3):
 PSYoungGen      total 176640K, used 0K [0x00000000e0000000, 0x00000000ecc00000, 0x0000000100000000)
  eden space 159744K, 0% used [0x00000000e0000000,0x00000000e0000000,0x00000000e9c00000)
  from space 16896K, 0% used [0x00000000eab80000,0x00000000eab80000,0x00000000ebc00000)
  to   space 15872K, 0% used [0x00000000e9c00000,0x00000000e9c00000,0x00000000eab80000)
 ParOldGen       total 104448K, used 34791K [0x00000000a0000000, 0x00000000a6600000, 0x00000000e0000000)
  object space 104448K, 33% used [0x00000000a0000000,0x00000000a21f9cc0,0x00000000a6600000)
 Metaspace       used 57058K, capacity 58898K, committed 59008K, reserved 1099776K
  class space    used 8044K, capacity 8520K, committed 8576K, reserved 1048576K
}
Event: 25.978 GC heap before
{Heap before GC invocations=18 (full 3):
 PSYoungGen      total 176640K, used 159744K [0x00000000e0000000, 0x00000000ecc00000, 0x0000000100000000)
  eden space 159744K, 100% used [0x00000000e0000000,0x00000000e9c00000,0x00000000e9c00000)
  from space 16896K, 0% used [0x00000000eab80000,0x00000000eab80000,0x00000000ebc00000)
  to   space 15872K, 0% used [0x00000000e9c00000,0x00000000e9c00000,0x00000000eab80000)
 ParOldGen       total 104448K, used 34791K [0x00000000a0000000, 0x00000000a6600000, 0x00000000e0000000)
  object space 104448K, 33% used [0x00000000a0000000,0x00000000a21f9cc0,0x00000000a6600000)
 Metaspace       used 61029K, capacity 63292K, committed 63360K, reserved 1103872K
  class space    used 8543K, capacity 9053K, committed 9088K, reserved 1048576K
Event: 26.031 GC heap after
Heap after GC invocations=18 (full 3):
 PSYoungGen      total 175616K, used 12448K [0x00000000e0000000, 0x00000000eea00000, 0x0000000100000000)
  eden space 159744K, 0% used [0x00000000e0000000,0x00000000e0000000,0x00000000e9c00000)
  from space 15872K, 78% used [0x00000000e9c00000,0x00000000ea828228,0x00000000eab80000)
  to   space 16896K, 0% used [0x00000000ed980000,0x00000000ed980000,0x00000000eea00000)
 ParOldGen       total 104448K, used 34799K [0x00000000a0000000, 0x00000000a6600000, 0x00000000e0000000)
  object space 104448K, 33% used [0x00000000a0000000,0x00000000a21fbcc0,0x00000000a6600000)
 Metaspace       used 61029K, capacity 63292K, committed 63360K, reserved 1103872K
  class space    used 8543K, capacity 9053K, committed 9088K, reserved 1048576K
}
Event: 30.179 GC heap before
{Heap before GC invocations=19 (full 3):
 PSYoungGen      total 175616K, used 172192K [0x00000000e0000000, 0x00000000eea00000, 0x0000000100000000)
  eden space 159744K, 100% used [0x00000000e0000000,0x00000000e9c00000,0x00000000e9c00000)
  from space 15872K, 78% used [0x00000000e9c00000,0x00000000ea828228,0x00000000eab80000)
  to   space 16896K, 0% used [0x00000000ed980000,0x00000000ed980000,0x00000000eea00000)
 ParOldGen       total 104448K, used 34799K [0x00000000a0000000, 0x00000000a6600000, 0x00000000e0000000)
  object space 104448K, 33% used [0x00000000a0000000,0x00000000a21fbcc0,0x00000000a6600000)
 Metaspace       used 74472K, capacity 77616K, committed 77696K, reserved 1116160K
  class space    used 10433K, capacity 11107K, committed 11136K, reserved 1048576K
Event: 30.216 GC heap after
Heap after GC invocations=19 (full 3):
 PSYoungGen      total 176640K, used 16882K [0x00000000e0000000, 0x00000000eea00000, 0x0000000100000000)
  eden space 159744K, 0% used [0x00000000e0000000,0x00000000e0000000,0x00000000e9c00000)
  from space 16896K, 99% used [0x00000000ed980000,0x00000000ee9fc840,0x00000000eea00000)
  to   space 15872K, 0% used [0x00000000e9c00000,0x00000000e9c00000,0x00000000eab80000)
 ParOldGen       total 104448K, used 45921K [0x00000000a0000000, 0x00000000a6600000, 0x00000000e0000000)
  object space 104448K, 43% used [0x00000000a0000000,0x00000000a2cd85f8,0x00000000a6600000)
 Metaspace       used 74472K, capacity 77616K, committed 77696K, reserved 1116160K
  class space    used 10433K, capacity 11107K, committed 11136K, reserved 1048576K
}

Deoptimization events (10 events):
Event: 29.806 Thread 0x000000001c6fe000 Uncommon trap: reason=speculate_class_check action=maybe_recompile pc=0x000000000440a634 method=java.util.HashMap.putVal(ILjava/lang/Object;Ljava/lang/Object;ZZ)Ljava/lang/Object; @ 253
Event: 29.828 Thread 0x000000001c6ff000 Uncommon trap: reason=class_check action=maybe_recompile pc=0x0000000003da59a8 method=java.util.regex.Pattern$Begin.match(Ljava/util/regex/Matcher;ILjava/lang/CharSequence;)Z @ 30
Event: 29.829 Thread 0x000000001c6ff000 Uncommon trap: reason=unstable_if action=reinterpret pc=0x0000000002bef970 method=java.lang.String.indexOf([CII[CIII)I @ 27
Event: 29.829 Thread 0x000000001c6ff000 Uncommon trap: reason=unstable_if action=reinterpret pc=0x0000000002c71330 method=sun.nio.fs.WindowsPath.getFileName()Ljava/nio/file/Path; @ 22
Event: 29.829 Thread 0x000000001c6ff000 Uncommon trap: reason=class_check action=maybe_recompile pc=0x0000000003da59a8 method=java.util.regex.Pattern$Begin.match(Ljava/util/regex/Matcher;ILjava/lang/CharSequence;)Z @ 30
Event: 30.152 Thread 0x000000001c6f6000 Uncommon trap: reason=unstable_if action=reinterpret pc=0x0000000002b04f7c method=java.lang.AbstractStringBuilder.append(I)Ljava/lang/AbstractStringBuilder; @ 16
Event: 30.382 Thread 0x000000001c6fc000 Uncommon trap: reason=unstable_if action=reinterpret pc=0x0000000004478ffc method=java.util.regex.Pattern$SliceU.match(Ljava/util/regex/Matcher;ILjava/lang/CharSequence;)Z @ 29
Event: 30.575 Thread 0x000000001c6ff000 Uncommon trap: reason=unstable_if action=reinterpret pc=0x00000000030e4200 method=java.io.ObjectOutputStream$BlockDataOutputStream.writeBytes(Ljava/lang/String;)V @ 22
Event: 30.604 Thread 0x000000001c6fc800 Uncommon trap: reason=predicate action=maybe_recompile pc=0x0000000004505740 method=java.util.TimSort.reverseRange([Ljava/lang/Object;II)V @ 8
Event: 30.604 Thread 0x000000001c6fc800 Uncommon trap: reason=predicate action=maybe_recompile pc=0x00000000037ba598 method=java.util.TimSort.binarySort([Ljava/lang/Object;IIILjava/util/Comparator;)V @ 37

Classes redefined (0 events):
No events

Internal exceptions (10 events):
Event: 30.051 Thread 0x000000001c6fe000 Exception <a 'sun/nio/fs/WindowsException'> (0x00000000e95f2008) thrown at [C:\re\workspace\8-2-build-windows-amd64-cygwin\jdk8u191\11896\hotspot\src\share\vm\prims\jni.cpp, line 709]
Event: 30.056 Thread 0x000000001c6fe000 Exception <a 'sun/nio/fs/WindowsException'> (0x00000000e963c748) thrown at [C:\re\workspace\8-2-build-windows-amd64-cygwin\jdk8u191\11896\hotspot\src\share\vm\prims\jni.cpp, line 709]
Event: 30.061 Thread 0x000000001c6fe000 Exception <a 'sun/nio/fs/WindowsException'> (0x00000000e9644868) thrown at [C:\re\workspace\8-2-build-windows-amd64-cygwin\jdk8u191\11896\hotspot\src\share\vm\prims\jni.cpp, line 709]
Event: 30.064 Thread 0x000000001c6fe000 Exception <a 'sun/nio/fs/WindowsException'> (0x00000000e964c4f0) thrown at [C:\re\workspace\8-2-build-windows-amd64-cygwin\jdk8u191\11896\hotspot\src\share\vm\prims\jni.cpp, line 709]
Event: 30.070 Thread 0x000000001c6fe000 Exception <a 'sun/nio/fs/WindowsException'> (0x00000000e96587c8) thrown at [C:\re\workspace\8-2-build-windows-amd64-cygwin\jdk8u191\11896\hotspot\src\share\vm\prims\jni.cpp, line 709]
Event: 30.075 Thread 0x000000001c6fe000 Exception <a 'sun/nio/fs/WindowsException'> (0x00000000e9662780) thrown at [C:\re\workspace\8-2-build-windows-amd64-cygwin\jdk8u191\11896\hotspot\src\share\vm\prims\jni.cpp, line 709]
Event: 30.079 Thread 0x000000001c6fe000 Exception <a 'sun/nio/fs/WindowsException'> (0x00000000e9667cb8) thrown at [C:\re\workspace\8-2-build-windows-amd64-cygwin\jdk8u191\11896\hotspot\src\share\vm\prims\jni.cpp, line 709]
Event: 30.083 Thread 0x000000001c6fe000 Exception <a 'sun/nio/fs/WindowsException'> (0x00000000e96725a8) thrown at [C:\re\workspace\8-2-build-windows-amd64-cygwin\jdk8u191\11896\hotspot\src\share\vm\prims\jni.cpp, line 709]
Event: 30.088 Thread 0x000000001c6fe000 Exception <a 'sun/nio/fs/WindowsException'> (0x00000000e983d2b8) thrown at [C:\re\workspace\8-2-build-windows-amd64-cygwin\jdk8u191\11896\hotspot\src\share\vm\prims\jni.cpp, line 709]
Event: 30.500 Thread 0x000000001c6fc000 Exception <a 'sun/nio/fs/WindowsException'> (0x00000000e122c830) thrown at [C:\re\workspace\8-2-build-windows-amd64-cygwin\jdk8u191\11896\hotspot\src\share\vm\prims\jni.cpp, line 709]

Events (10 events):
Event: 30.833 loading class org/apache/commons/codec/DecoderException
Event: 30.833 loading class org/apache/commons/codec/DecoderException done
Event: 30.833 loading class org/apache/commons/codec/EncoderException
Event: 30.833 loading class org/apache/commons/codec/EncoderException done
Event: 30.834 loading class org/apache/commons/codec/binary/BaseNCodec$Context
Event: 30.834 loading class org/apache/commons/codec/binary/BaseNCodec$Context done
Event: 30.842 loading class com/android/tools/r8/r/n/b
Event: 30.842 loading class com/android/tools/r8/r/n/b done
Event: 30.843 loading class com/android/tools/r8/r/n/E$a
Event: 30.843 loading class com/android/tools/r8/r/n/E$a done


Dynamic libraries:
0x00007ff69cb60000 - 0x00007ff69cb97000 	C:\Program Files\Java\jdk1.8.0_191\bin\java.exe
0x00007ffa051c0000 - 0x00007ffa053b0000 	C:\WINDOWS\SYSTEM32\ntdll.dll
0x00007ffa03e50000 - 0x00007ffa03f02000 	C:\WINDOWS\System32\KERNEL32.DLL
0x00007ffa02a50000 - 0x00007ffa02cf5000 	C:\WINDOWS\System32\KERNELBASE.dll
0x00007ffa034f0000 - 0x00007ffa03593000 	C:\WINDOWS\System32\ADVAPI32.dll
0x00007ffa03c00000 - 0x00007ffa03c9e000 	C:\WINDOWS\System32\msvcrt.dll
0x00007ffa04f80000 - 0x00007ffa05017000 	C:\WINDOWS\System32\sechost.dll
0x00007ffa04c80000 - 0x00007ffa04da0000 	C:\WINDOWS\System32\RPCRT4.dll
0x00007ffa03fe0000 - 0x00007ffa04174000 	C:\WINDOWS\System32\USER32.dll
0x00007ffa02f70000 - 0x00007ffa02f91000 	C:\WINDOWS\System32\win32u.dll
0x00007ffa035a0000 - 0x00007ffa035c6000 	C:\WINDOWS\System32\GDI32.dll
0x00007ffa02d00000 - 0x00007ffa02e96000 	C:\WINDOWS\System32\gdi32full.dll
0x00007ffa031d0000 - 0x00007ffa0326e000 	C:\WINDOWS\System32\msvcp_win.dll
0x00007ffa021d0000 - 0x00007ffa022ca000 	C:\WINDOWS\System32\ucrtbase.dll
0x00007ff9f2840000 - 0x00007ff9f2ac4000 	C:\WINDOWS\WinSxS\amd64_microsoft.windows.common-controls_6595b64144ccf1df_6.0.18362.1139_none_9e7bf2d3e4605ac6\COMCTL32.dll
0x00007ffa04940000 - 0x00007ffa04c75000 	C:\WINDOWS\System32\combase.dll
0x00007ffa02fa0000 - 0x00007ffa03020000 	C:\WINDOWS\System32\bcryptPrimitives.dll
0x00007ffa04880000 - 0x00007ffa048ae000 	C:\WINDOWS\System32\IMM32.DLL
0x00000000507a0000 - 0x0000000050872000 	C:\Program Files\Java\jdk1.8.0_191\jre\bin\msvcr100.dll
0x00000000766a0000 - 0x0000000076f44000 	C:\Program Files\Java\jdk1.8.0_191\jre\bin\server\jvm.dll
0x00007ffa04870000 - 0x00007ffa04878000 	C:\WINDOWS\System32\PSAPI.DLL
0x00007ff9eb440000 - 0x00007ff9eb449000 	C:\WINDOWS\SYSTEM32\WSOCK32.dll
0x00007ffa03f10000 - 0x00007ffa03f7f000 	C:\WINDOWS\System32\WS2_32.dll
0x00007ff9ff8c0000 - 0x00007ff9ff8e4000 	C:\WINDOWS\SYSTEM32\WINMM.dll
0x00007ff9f1090000 - 0x00007ff9f109a000 	C:\WINDOWS\SYSTEM32\VERSION.dll
0x00007ff9ff890000 - 0x00007ff9ff8bd000 	C:\WINDOWS\SYSTEM32\WINMMBASE.dll
0x00007ffa02150000 - 0x00007ffa0219a000 	C:\WINDOWS\System32\cfgmgr32.dll
0x0000000050790000 - 0x000000005079f000 	C:\Program Files\Java\jdk1.8.0_191\jre\bin\verify.dll
0x0000000050760000 - 0x0000000050789000 	C:\Program Files\Java\jdk1.8.0_191\jre\bin\java.dll
0x0000000050740000 - 0x0000000050756000 	C:\Program Files\Java\jdk1.8.0_191\jre\bin\zip.dll
0x00007ffa04180000 - 0x00007ffa04867000 	C:\WINDOWS\System32\SHELL32.dll
0x00007ffa04da0000 - 0x00007ffa04e49000 	C:\WINDOWS\System32\shcore.dll
0x00007ffa022d0000 - 0x00007ffa02a50000 	C:\WINDOWS\System32\windows.storage.dll
0x00007ffa02120000 - 0x00007ffa02143000 	C:\WINDOWS\System32\profapi.dll
0x00007ffa020b0000 - 0x00007ffa020fa000 	C:\WINDOWS\System32\powrprof.dll
0x00007ffa02080000 - 0x00007ffa02090000 	C:\WINDOWS\System32\UMPDC.dll
0x00007ffa03df0000 - 0x00007ffa03e42000 	C:\WINDOWS\System32\shlwapi.dll
0x00007ffa02090000 - 0x00007ffa020a1000 	C:\WINDOWS\System32\kernel.appcore.dll
0x00007ffa02ea0000 - 0x00007ffa02eb7000 	C:\WINDOWS\System32\cryptsp.dll
0x0000000050720000 - 0x000000005073a000 	C:\Program Files\Java\jdk1.8.0_191\jre\bin\net.dll
0x00007ffa01870000 - 0x00007ffa018d7000 	C:\WINDOWS\system32\mswsock.dll
0x0000000050700000 - 0x0000000050711000 	C:\Program Files\Java\jdk1.8.0_191\jre\bin\nio.dll
0x00007ff9eb180000 - 0x00007ff9eb1a6000 	D:\develop\Gradle\native\30\windows-amd64\native-platform.dll
0x00000000506f0000 - 0x00000000506fd000 	C:\Program Files\Java\jdk1.8.0_191\jre\bin\management.dll
0x00007ffa013e0000 - 0x00007ffa01413000 	C:\WINDOWS\system32\rsaenh.dll
0x00007ffa021a0000 - 0x00007ffa021c6000 	C:\WINDOWS\System32\bcrypt.dll
0x00007ffa01f60000 - 0x00007ffa01f85000 	C:\WINDOWS\SYSTEM32\USERENV.dll
0x00007ffa01aa0000 - 0x00007ffa01aac000 	C:\WINDOWS\SYSTEM32\CRYPTBASE.dll
0x00007ffa01580000 - 0x00007ffa015ba000 	C:\WINDOWS\SYSTEM32\IPHLPAPI.DLL
0x00007ffa048b0000 - 0x00007ffa048b8000 	C:\WINDOWS\System32\NSI.dll
0x00007ff9fbff0000 - 0x00007ff9fc006000 	C:\WINDOWS\SYSTEM32\dhcpcsvc6.DLL
0x00007ff9fbec0000 - 0x00007ff9fbedc000 	C:\WINDOWS\SYSTEM32\dhcpcsvc.DLL
0x00007ffa015d0000 - 0x00007ffa0169b000 	C:\WINDOWS\SYSTEM32\DNSAPI.dll
0x00007ffa01090000 - 0x00007ffa010c1000 	C:\WINDOWS\SYSTEM32\ntmarta.dll

VM Arguments:
jvm_args: -Xmx1536m -Dfile.encoding=GBK -Duser.country=CN -Duser.language=zh -Duser.variant 
java_command: org.gradle.launcher.daemon.bootstrap.GradleDaemon 5.6.4
java_class_path (initial): D:\develop\Gradle\wrapper\dists\gradle-5.6.4-all\ankdp27end7byghfw1q2sw75f\gradle-5.6.4\lib\gradle-launcher-5.6.4.jar
Launcher Type: SUN_STANDARD

Environment Variables:
JAVA_HOME=C:\Program Files\Java\jdk1.8.0_191
CLASSPATH=.;C:\Program Files\Java\jdk1.8.0_191\lib;C:\Program Files\Java\jdk1.8.0_191\lib\tools.jar
PATH=D:\develop\XShell6\;C:\Program Files (x86)\Common Files\Oracle\Java\javapath;C:\Program Files (x86)\Intel\iCLS Client\;C:\Program Files\Intel\iCLS Client\;C:\WINDOWS\system32;C:\WINDOWS;C:\WINDOWS\System32\Wbem;C:\WINDOWS\System32\WindowsPowerShell\v1.0\;C:\Program Files (x86)\Intel\Intel(R) Management Engine Components\DAL;C:\Program Files\Intel\Intel(R) Management Engine Components\DAL;C:\Program Files (x86)\Intel\Intel(R) Management Engine Components\IPT;C:\Program Files\Intel\Intel(R) Management Engine Components\IPT;C:\Program Files\Intel\WiFi\bin\;C:\Program Files\Common Files\Intel\WirelessCommon\;"C:\Program Files\Java\jdk1.8.0_191\bin;C:\Program Files\Java\jdk1.8.0_191\jre\bin";D:\develop\apache-tomcat-8.5.37\bin;D:\develop\mysql-8.0.11\bin;C:\Program Files\nodejs\;D:\develop\flutter\bin;D:\develop\Redis;D:\develop\apache-maven-3.6.3\bin;C:\Program Files\Java\jdk1.8.0_191\bin;C:\WINDOWS\System32\OpenSSH\;D:\develop\TortoiseGit\bin;D:\develop\WinSCP\;D:\develop\Git\cmd;D:\develop\Svn\bin;D:\develop\SDK\platform-tools;D:\develop\gs9.20\bin;D:\develop\Python 3.6.3\Scripts\;D:\develop\Python 3.6.3\;C:\Users\yangsl25774\AppData\Local\Microsoft\WindowsApps;C:\Program Files\Bandizip\;D:\develop\WebStorm 2018.3.2\bin;C:\Users\yangsl25774\AppData\Roaming\npm;C:\Users\yangsl25774\AppData\Local\BypassRuntm;D:\develop\IntelliJ IDEA 2019.3.1\bin;;D:\develop\WebStorm 2019.3.3\bin;;C:\Users\yangsl25774\AppData\Local\Microsoft\WindowsApps;D:\develop\PyCharm 2020.2.3\bin;;D:\develop\gs9.20\bin;
USERNAME=yangsl25774
OS=Windows_NT
PROCESSOR_IDENTIFIER=Intel64 Family 6 Model 142 Stepping 9, GenuineIntel



---------------  S Y S T E M  ---------------

OS: Windows 10.0 , 64 bit Build 18362 (10.0.18362.1110)

CPU:total 4 (initial active 4) (2 cores per cpu, 2 threads per core) family 6 model 142 stepping 9, cmov, cx8, fxsr, mmx, sse, sse2, sse3, ssse3, sse4.1, sse4.2, popcnt, avx, avx2, aes, clmul, erms, 3dnowpref, lzcnt, ht, tsc, tscinvbit, bmi1, bmi2, adx

Memory: 4k page, physical 8012028k(341236k free), swap 18376968k(5848k free)

vm_info: Java HotSpot(TM) 64-Bit Server VM (25.191-b12) for windows-amd64 JRE (1.8.0_191-b12), built on Oct  6 2018 09:29:03 by "java_re" with MS VC++ 10.0 (VS2010)

time: Tue Nov 17 15:13:03 2020
elapsed time: 30 seconds (0d 0h 0m 30s)

